<?xml version="1.0" encoding="UTF-8"?>
<testng-results ignored="2" total="3" passed="0" failed="1" skipped="0">
  <reporter-output>
  </reporter-output>
  <suite started-at="2021-01-31T15:07:02 CET" name="Default suite" finished-at="2021-01-31T15:07:15 CET" duration-ms="12246">
    <groups>
    </groups>
    <test started-at="2021-01-31T15:07:02 CET" name="Default test" finished-at="2021-01-31T15:07:15 CET" duration-ms="12246">
      <class name="rs.txservices.jobs.tests.SearchAndApplyJobs">
        <test-method is-config="true" signature="setUp()[pri:0, instance:rs.txservices.jobs.tests.SearchAndApplyJobs@3315d2d7]" started-at="2021-01-31T15:07:02 CET" name="setUp" finished-at="2021-01-31T15:07:07 CET" duration-ms="4702" status="PASS">
          <reporter-output>
          </reporter-output>
        </test-method> <!-- setUp -->
        <test-method signature="sendIncorrectEmail()[pri:0, instance:rs.txservices.jobs.tests.SearchAndApplyJobs@3315d2d7]" started-at="2021-01-31T15:07:07 CET" name="sendIncorrectEmail" finished-at="2021-01-31T15:07:14 CET" duration-ms="7224" status="FAIL">
          <exception class="java.lang.AssertionError">
            <message>
              <![CDATA[The following asserts failed:
Open page with description of wanted job expected [Quality Analyst @Doodle] but found [Quality Analyst  @Doodle]]]>
            </message>
            <full-stacktrace>
              <![CDATA[java.lang.AssertionError: The following asserts failed:
Open page with description of wanted job expected [Quality Analyst @Doodle] but found [Quality Analyst  @Doodle]
at org.testng.asserts.SoftAssert.assertAll(SoftAssert.java:47)
at org.testng.asserts.SoftAssert.assertAll(SoftAssert.java:31)
at rs.txservices.jobs.tests.SearchAndApplyJobs.sendIncorrectEmail(SearchAndApplyJobs.java:59)
at java.base/jdk.internal.reflect.NativeMethodAccessorImpl.invoke0(Native Method)
at java.base/jdk.internal.reflect.NativeMethodAccessorImpl.invoke(NativeMethodAccessorImpl.java:62)
at java.base/jdk.internal.reflect.DelegatingMethodAccessorImpl.invoke(DelegatingMethodAccessorImpl.java:43)
at java.base/java.lang.reflect.Method.invoke(Method.java:564)
at org.testng.internal.MethodInvocationHelper.invokeMethod(MethodInvocationHelper.java:132)
at org.testng.internal.TestInvoker.invokeMethod(TestInvoker.java:599)
at org.testng.internal.TestInvoker.invokeTestMethod(TestInvoker.java:174)
at org.testng.internal.MethodRunner.runInSequence(MethodRunner.java:46)
at org.testng.internal.TestInvoker$MethodInvocationAgent.invoke(TestInvoker.java:822)
at org.testng.internal.TestInvoker.invokeTestMethods(TestInvoker.java:147)
at org.testng.internal.TestMethodWorker.invokeTestMethods(TestMethodWorker.java:146)
at org.testng.internal.TestMethodWorker.run(TestMethodWorker.java:128)
at java.base/java.util.ArrayList.forEach(ArrayList.java:1511)
at org.testng.TestRunner.privateRun(TestRunner.java:764)
at org.testng.TestRunner.run(TestRunner.java:585)
at org.testng.SuiteRunner.runTest(SuiteRunner.java:384)
at org.testng.SuiteRunner.runSequentially(SuiteRunner.java:378)
at org.testng.SuiteRunner.privateRun(SuiteRunner.java:337)
at org.testng.SuiteRunner.run(SuiteRunner.java:286)
at org.testng.SuiteRunnerWorker.runSuite(SuiteRunnerWorker.java:53)
at org.testng.SuiteRunnerWorker.run(SuiteRunnerWorker.java:96)
at org.testng.TestNG.runSuitesSequentially(TestNG.java:1218)
at org.testng.TestNG.runSuitesLocally(TestNG.java:1140)
at org.testng.TestNG.runSuites(TestNG.java:1069)
at org.testng.TestNG.run(TestNG.java:1037)
at org.testng.remote.AbstractRemoteTestNG.run(AbstractRemoteTestNG.java:115)
at org.testng.remote.RemoteTestNG.initAndRun(RemoteTestNG.java:251)
at org.testng.remote.RemoteTestNG.main(RemoteTestNG.java:77)
]]>
            </full-stacktrace>
          </exception> <!-- java.lang.AssertionError -->
          <reporter-output>
          </reporter-output>
        </test-method> <!-- sendIncorrectEmail -->
        <test-method is-config="true" signature="closeBrowser()[pri:0, instance:rs.txservices.jobs.tests.SearchAndApplyJobs@3315d2d7]" started-at="2021-01-31T15:07:14 CET" name="closeBrowser" finished-at="2021-01-31T15:07:15 CET" duration-ms="279" status="PASS">
          <reporter-output>
          </reporter-output>
        </test-method> <!-- closeBrowser -->
      </class> <!-- rs.txservices.jobs.tests.SearchAndApplyJobs -->
    </test> <!-- Default test -->
  </suite> <!-- Default suite -->
</testng-results>
